[debug] [2021-02-07T10:57:10.232Z] ----------------------------------------------------------------------
[debug] [2021-02-07T10:57:10.236Z] Command:       C:\Program Files\nodejs\node.exe C:\Users\llimo\AppData\Roaming\npm\node_modules\firebase-tools\lib\bin\firebase.js deploy
[debug] [2021-02-07T10:57:10.237Z] CLI Version:   9.3.0
[debug] [2021-02-07T10:57:10.237Z] Platform:      win32
[debug] [2021-02-07T10:57:10.237Z] Node Version:  v14.15.4
[debug] [2021-02-07T10:57:10.349Z] Time:          Sun Feb 07 2021 16:57:10 GMT+0600 (Bangladesh Standard Time)
[debug] [2021-02-07T10:57:10.350Z] ----------------------------------------------------------------------
[debug] [2021-02-07T10:57:10.350Z] 
[debug] [2021-02-07T10:57:10.417Z] > command requires scopes: ["email","openid","https://www.googleapis.com/auth/cloudplatformprojects.readonly","https://www.googleapis.com/auth/firebase","https://www.googleapis.com/auth/cloud-platform"]
[debug] [2021-02-07T10:57:10.418Z] > authorizing via signed-in user
[debug] [2021-02-07T10:57:10.418Z] [iam] checking project devn-netflix for permissions ["firebase.projects.get","firebasehosting.sites.update"]
[debug] [2021-02-07T10:57:10.466Z] > refreshing access token with scopes: ["email","https://www.googleapis.com/auth/cloud-platform","https://www.googleapis.com/auth/cloudplatformprojects.readonly","https://www.googleapis.com/auth/firebase","openid"]
[debug] [2021-02-07T10:57:10.466Z] >>> HTTP REQUEST POST https://www.googleapis.com/oauth2/v3/token  
 <request body omitted>
[debug] [2021-02-07T10:57:11.177Z] <<< HTTP RESPONSE 200 {"expires":"Mon, 01 Jan 1990 00:00:00 GMT","date":"Sun, 07 Feb 2021 10:57:10 GMT","cache-control":"no-cache, no-store, max-age=0, must-revalidate","pragma":"no-cache","content-type":"application/json; charset=utf-8","vary":"X-Origin, Referer, Origin,Accept-Encoding","server":"scaffolding on HTTPServer2","x-xss-protection":"0","x-frame-options":"SAMEORIGIN","x-content-type-options":"nosniff","alt-svc":"h3-29=\":443\"; ma=2592000,h3-T051=\":443\"; ma=2592000,h3-Q050=\":443\"; ma=2592000,h3-Q046=\":443\"; ma=2592000,h3-Q043=\":443\"; ma=2592000,quic=\":443\"; ma=2592000; v=\"46,43\"","accept-ranges":"none","transfer-encoding":"chunked"}
[debug] [2021-02-07T10:57:11.217Z] >>> HTTP REQUEST POST https://cloudresourcemanager.googleapis.com/v1/projects/devn-netflix:testIamPermissions  
 {"permissions":["firebase.projects.get","firebasehosting.sites.update"]}
[debug] [2021-02-07T10:57:12.908Z] <<< HTTP RESPONSE 200 {"content-type":"application/json; charset=UTF-8","vary":"X-Origin, Referer, Origin,Accept-Encoding","date":"Sun, 07 Feb 2021 10:57:12 GMT","server":"ESF","cache-control":"private","x-xss-protection":"0","x-frame-options":"SAMEORIGIN","x-content-type-options":"nosniff","server-timing":"gfet4t7; dur=1272","alt-svc":"h3-29=\":443\"; ma=2592000,h3-T051=\":443\"; ma=2592000,h3-Q050=\":443\"; ma=2592000,h3-Q046=\":443\"; ma=2592000,h3-Q043=\":443\"; ma=2592000,quic=\":443\"; ma=2592000; v=\"46,43\"","accept-ranges":"none","transfer-encoding":"chunked"}
[debug] [2021-02-07T10:57:12.911Z] > refreshing access token with scopes: []
[debug] [2021-02-07T10:57:12.911Z] >>> HTTP REQUEST POST https://www.googleapis.com/oauth2/v3/token  
 <request body omitted>
[debug] [2021-02-07T10:57:13.329Z] <<< HTTP RESPONSE 200 {"expires":"Mon, 01 Jan 1990 00:00:00 GMT","pragma":"no-cache","cache-control":"no-cache, no-store, max-age=0, must-revalidate","date":"Sun, 07 Feb 2021 10:57:13 GMT","content-type":"application/json; charset=utf-8","vary":"X-Origin, Referer, Origin,Accept-Encoding","server":"scaffolding on HTTPServer2","x-xss-protection":"0","x-frame-options":"SAMEORIGIN","x-content-type-options":"nosniff","alt-svc":"h3-29=\":443\"; ma=2592000,h3-T051=\":443\"; ma=2592000,h3-Q050=\":443\"; ma=2592000,h3-Q046=\":443\"; ma=2592000,h3-Q043=\":443\"; ma=2592000,quic=\":443\"; ma=2592000; v=\"46,43\"","accept-ranges":"none","transfer-encoding":"chunked"}
[debug] [2021-02-07T10:57:13.390Z] >>> [apiv2][query] GET https://firebase.googleapis.com/v1beta1/projects/devn-netflix [none]
[debug] [2021-02-07T10:57:14.078Z] <<< [apiv2][status] GET https://firebase.googleapis.com/v1beta1/projects/devn-netflix 200
